24559:C 14 Jan 14:25:46.063 # oO0OoO0OoO0Oo Redis is starting oO0OoO0OoO0Oo
24559:C 14 Jan 14:25:46.063 # Redis version=4.0.6, bits=64, commit=00000000, modified=0, pid=24559, just started
24559:C 14 Jan 14:25:46.063 # Configuration loaded
24559:M 14 Jan 14:25:46.064 * Increased maximum number of open files to 10032 (it was originally set to 1024).
                _._                                                  
           _.-``__ ''-._                                             
      _.-``    `.  `_.  ''-._           Redis 4.0.6 (00000000/0) 64 bit
  .-`` .-```.  ```\/    _.,_ ''-._                                   
 (    '      ,       .-`  | `,    )     Running in standalone mode
 |`-._`-...-` __...-.``-._|'` _.-'|     Port: 6379
 |    `-._   `._    /     _.-'    |     PID: 24559
  `-._    `-._  `-./  _.-'    _.-'                                   
 |`-._`-._    `-.__.-'    _.-'_.-'|                                  
 |    `-._`-._        _.-'_.-'    |           http://redis.io        
  `-._    `-._`-.__.-'_.-'    _.-'                                   
 |`-._`-._    `-.__.-'    _.-'_.-'|                                  
 |    `-._`-._        _.-'_.-'    |                                  
  `-._    `-._`-.__.-'_.-'    _.-'                                   
      `-._    `-.__.-'    _.-'                                       
          `-._        _.-'                                           
              `-.__.-'                                               

24559:M 14 Jan 14:25:46.065 # WARNING: The TCP backlog setting of 511 cannot be enforced because /proc/sys/net/core/somaxconn is set to the lower value of 128.
24559:M 14 Jan 14:25:46.065 # Server initialized
24559:M 14 Jan 14:25:46.065 # WARNING overcommit_memory is set to 0! Background save may fail under low memory condition. To fix this issue add 'vm.overcommit_memory = 1' to /etc/sysctl.conf and then reboot or run the command 'sysctl vm.overcommit_memory=1' for this to take effect.
24559:M 14 Jan 14:25:46.065 # WARNING you have Transparent Huge Pages (THP) support enabled in your kernel. This will create latency and memory usage issues with Redis. To fix this issue run the command 'echo never > /sys/kernel/mm/transparent_hugepage/enabled' as root, and add it to your /etc/rc.local in order to retain the setting after a reboot. Redis must be restarted after THP is disabled.
24559:M 14 Jan 14:25:46.066 * DB loaded from disk: 0.000 seconds
24559:M 14 Jan 14:25:46.066 * Ready to accept connections
24559:M 14 Jan 14:40:47.090 * 1 changes in 900 seconds. Saving...
24559:M 14 Jan 14:40:47.090 * Background saving started by pid 26681
26681:C 14 Jan 14:40:47.094 * DB saved on disk
26681:C 14 Jan 14:40:47.095 * RDB: 0 MB of memory used by copy-on-write
24559:M 14 Jan 14:40:47.192 * Background saving terminated with success
